<?xml version="1.0" encoding="UTF-8"?>
<!-- Generated by org.testng.reporters.JUnitReportReporter -->
<testsuite hostname="kanchana" failures="0" tests="1" name="TestPackage.RegisterTestCase" time="17.570" errors="0" timestamp="2024-08-01T16:49:05 IST" skipped="0">
  <testcase classname="TestPackage.RegisterTestCase" name="registerTC" time="17.570"/>
  <system-out/>
</testsuite> <!-- TestPackage.RegisterTestCase -->
