<?xml version="1.0" encoding="UTF-8"?>
<!-- Generated by org.testng.reporters.JUnitReportReporter -->
<testsuite hostname="kanchana" failures="0" tests="1" name="GenericPackage.BaseClass" time="22.345" errors="0" timestamp="2024-07-18T17:56:57 IST" skipped="0">
  <testcase classname="GenericPackage.BaseClass" name="browserSetup" time="22.345"/>
  <system-out/>
</testsuite> <!-- GenericPackage.BaseClass -->
